<?xml version="1.0" encoding="UTF-8"?>
<testng-results ignored="0" total="2" passed="2" failed="0" skipped="0">
  <reporter-output>
  </reporter-output>
  <suite started-at="2024-06-01T20:29:53 IST" name="Default suite" finished-at="2024-06-01T20:29:58 IST" duration-ms="4666">
    <groups>
    </groups>
    <test started-at="2024-06-01T20:29:53 IST" name="Default test" finished-at="2024-06-01T20:29:58 IST" duration-ms="4666">
      <class name="restfulbooker.EndToEndAPI">
        <test-method is-config="true" signature="setUp()[pri:0, instance:restfulbooker.EndToEndAPI@47987356]" started-at="2024-06-01T20:29:53 IST" name="setUp" finished-at="2024-06-01T20:29:54 IST" duration-ms="390" status="PASS">
          <reporter-output>
          </reporter-output>
        </test-method> <!-- setUp -->
        <test-method signature="createBooking()[pri:0, instance:restfulbooker.EndToEndAPI@47987356]" started-at="2024-06-01T20:29:54 IST" name="createBooking" finished-at="2024-06-01T20:29:57 IST" duration-ms="2770" status="PASS">
          <reporter-output>
          </reporter-output>
        </test-method> <!-- createBooking -->
        <test-method signature="getBookingIdDetail()[pri:1, instance:restfulbooker.EndToEndAPI@47987356]" started-at="2024-06-01T20:29:57 IST" name="getBookingIdDetail" finished-at="2024-06-01T20:29:58 IST" duration-ms="1471" status="PASS">
          <reporter-output>
          </reporter-output>
        </test-method> <!-- getBookingIdDetail -->
      </class> <!-- restfulbooker.EndToEndAPI -->
    </test> <!-- Default test -->
  </suite> <!-- Default suite -->
</testng-results>
