<?xml version="1.0" encoding="UTF-8"?>
<testng-results ignored="0" total="1" passed="1" failed="0" skipped="0">
  <reporter-output>
  </reporter-output>
  <suite started-at="2024-06-03T08:14:26 IST" name="Default suite" finished-at="2024-06-03T08:14:30 IST" duration-ms="3584">
    <groups>
    </groups>
    <test started-at="2024-06-03T08:14:26 IST" name="Default test" finished-at="2024-06-03T08:14:30 IST" duration-ms="3584">
      <class name="JsonManipulation.oAuthSimplified">
        <test-method signature="testOAuth2Authentication()[pri:0, instance:JsonManipulation.oAuthSimplified@4f2b503c]" started-at="2024-06-03T08:14:26 IST" name="testOAuth2Authentication" finished-at="2024-06-03T08:14:30 IST" duration-ms="3529" status="PASS">
          <reporter-output>
          </reporter-output>
        </test-method> <!-- testOAuth2Authentication -->
      </class> <!-- JsonManipulation.oAuthSimplified -->
    </test> <!-- Default test -->
  </suite> <!-- Default suite -->
</testng-results>
